<?xml version="1.0" encoding="UTF-8"?>
<testng-results ignored="0" total="1" passed="1" failed="0" skipped="0">
  <reporter-output>
  </reporter-output>
  <suite started-at="2023-05-03T16:45:45 IST" name="Default suite" finished-at="2023-05-03T16:45:53 IST" duration-ms="8675">
    <groups>
    </groups>
    <test started-at="2023-05-03T16:45:45 IST" name="Default test" finished-at="2023-05-03T16:45:53 IST" duration-ms="8675">
      <class name="cc_1.pro.cc1">
        <test-method signature="TC_001()[pri:0, instance:cc_1.pro.cc1@20ccf40b]" started-at="2023-05-03T16:45:45 IST" name="TC_001" finished-at="2023-05-03T16:45:53 IST" duration-ms="8633" status="PASS">
          <reporter-output>
          </reporter-output>
        </test-method> <!-- TC_001 -->
      </class> <!-- cc_1.pro.cc1 -->
    </test> <!-- Default test -->
  </suite> <!-- Default suite -->
</testng-results>
